<?xml version="1.0" encoding="UTF-8"?>
<testng-results ignored="0" total="4" passed="3" failed="1" skipped="0">
  <reporter-output>
  </reporter-output>
  <suite started-at="2024-09-25T12:44:05 IST" name="Default suite" finished-at="2024-09-25T12:44:18 IST" duration-ms="12958">
    <groups>
    </groups>
    <test started-at="2024-09-25T12:44:05 IST" name="Default test" finished-at="2024-09-25T12:44:18 IST" duration-ms="12958">
      <class name="DemoWbShopFullProject.DemoWbShopTest">
        <test-method is-config="true" signature="OpenBrowser()[pri:0, instance:DemoWbShopFullProject.DemoWbShopTest@5ba3f27a]" started-at="2024-09-25T12:44:04 IST" name="OpenBrowser" finished-at="2024-09-25T12:44:05 IST" duration-ms="1394" status="PASS">
          <reporter-output>
          </reporter-output>
        </test-method> <!-- OpenBrowser -->
        <test-method is-config="true" signature="openURL()[pri:0, instance:DemoWbShopFullProject.DemoWbShopTest@5ba3f27a]" started-at="2024-09-25T12:44:05 IST" name="openURL" finished-at="2024-09-25T12:44:08 IST" duration-ms="3167" status="PASS">
          <reporter-output>
          </reporter-output>
        </test-method> <!-- openURL -->
        <test-method is-config="true" signature="maximizebrowser()[pri:0, instance:DemoWbShopFullProject.DemoWbShopTest@5ba3f27a]" started-at="2024-09-25T12:44:08 IST" name="maximizebrowser" finished-at="2024-09-25T12:44:10 IST" duration-ms="2103" status="PASS">
          <reporter-output>
          </reporter-output>
        </test-method> <!-- maximizebrowser -->
        <test-method is-config="true" signature="getCookies()[pri:0, instance:DemoWbShopFullProject.DemoWbShopTest@5ba3f27a]" started-at="2024-09-25T12:44:10 IST" name="getCookies" finished-at="2024-09-25T12:44:10 IST" duration-ms="12" status="PASS">
          <reporter-output>
          </reporter-output>
        </test-method> <!-- getCookies -->
        <test-method signature="registerTest()[pri:1, instance:DemoWbShopFullProject.DemoWbShopTest@5ba3f27a]" started-at="2024-09-25T12:44:10 IST" name="registerTest" finished-at="2024-09-25T12:44:12 IST" duration-ms="1622" status="PASS">
          <reporter-output>
          </reporter-output>
        </test-method> <!-- registerTest -->
        <test-method is-config="true" signature="getCookies()[pri:0, instance:DemoWbShopFullProject.DemoWbShopTest@5ba3f27a]" started-at="2024-09-25T12:44:12 IST" name="getCookies" finished-at="2024-09-25T12:44:12 IST" duration-ms="19" status="PASS">
          <reporter-output>
          </reporter-output>
        </test-method> <!-- getCookies -->
        <test-method signature="LoginPage()[pri:2, instance:DemoWbShopFullProject.DemoWbShopTest@5ba3f27a]" started-at="2024-09-25T12:44:12 IST" name="LoginPage" finished-at="2024-09-25T12:44:14 IST" duration-ms="2093" status="PASS">
          <reporter-output>
          </reporter-output>
        </test-method> <!-- LoginPage -->
        <test-method is-config="true" signature="getCookies()[pri:0, instance:DemoWbShopFullProject.DemoWbShopTest@5ba3f27a]" started-at="2024-09-25T12:44:14 IST" name="getCookies" finished-at="2024-09-25T12:44:14 IST" duration-ms="30" status="PASS">
          <reporter-output>
          </reporter-output>
        </test-method> <!-- getCookies -->
        <test-method signature="AddtoCart()[pri:3, instance:DemoWbShopFullProject.DemoWbShopTest@5ba3f27a]" started-at="2024-09-25T12:44:14 IST" name="AddtoCart" finished-at="2024-09-25T12:44:18 IST" duration-ms="3726" status="PASS">
          <reporter-output>
          </reporter-output>
        </test-method> <!-- AddtoCart -->
        <test-method is-config="true" signature="getCookies()[pri:0, instance:DemoWbShopFullProject.DemoWbShopTest@5ba3f27a]" started-at="2024-09-25T12:44:18 IST" name="getCookies" finished-at="2024-09-25T12:44:18 IST" duration-ms="29" status="PASS">
          <reporter-output>
          </reporter-output>
        </test-method> <!-- getCookies -->
        <test-method signature="Address()[pri:4, instance:DemoWbShopFullProject.DemoWbShopTest@5ba3f27a]" started-at="2024-09-25T12:44:18 IST" name="Address" finished-at="2024-09-25T12:44:18 IST" duration-ms="110" status="FAIL">
          <exception class="org.openqa.selenium.NoSuchElementException">
            <message>
              <![CDATA[no such element: Unable to locate element: {"method":"xpath","selector":"//*[@id="BillingNewAddress_Company"]"}
  (Session info: chrome=129.0.6668.60)
For documentation on this error, please visit: https://www.seleniumhq.org/exceptions/no_such_element.html
Build info: version: '3.141.59', revision: 'e82be7d358', time: '2018-11-14T08:17:03'
System info: host: 'LAPTOP-UB65FEHH', ip: '192.168.1.6', os.name: 'Windows 11', os.arch: 'amd64', os.version: '10.0', java.version: '17.0.7'
Driver info: org.openqa.selenium.chrome.ChromeDriver
Capabilities {acceptInsecureCerts: false, browserName: chrome, browserVersion: 129.0.6668.60, chrome: {chromedriverVersion: 129.0.6668.58 (81a06fb873a9..., userDataDir: C:\Users\Samaksh\AppData\Lo...}, fedcm:accounts: true, goog:chromeOptions: {debuggerAddress: localhost:57430}, javascriptEnabled: true, networkConnectionEnabled: false, pageLoadStrategy: normal, platform: WINDOWS, platformName: WINDOWS, proxy: Proxy(), setWindowRect: true, strictFileInteractability: false, timeouts: {implicit: 0, pageLoad: 300000, script: 30000}, unhandledPromptBehavior: dismiss and notify, webauthn:extension:credBlob: true, webauthn:extension:largeBlob: true, webauthn:extension:minPinLength: true, webauthn:extension:prf: true, webauthn:virtualAuthenticators: true}
Session ID: cb587bf68d7f7d8a39378295e82f35a5
*** Element info: {Using=xpath, value=//*[@id="BillingNewAddress_Company"]}]]>
            </message>
            <full-stacktrace>
              <![CDATA[org.openqa.selenium.NoSuchElementException: no such element: Unable to locate element: {"method":"xpath","selector":"//*[@id="BillingNewAddress_Company"]"}
  (Session info: chrome=129.0.6668.60)
For documentation on this error, please visit: https://www.seleniumhq.org/exceptions/no_such_element.html
Build info: version: '3.141.59', revision: 'e82be7d358', time: '2018-11-14T08:17:03'
System info: host: 'LAPTOP-UB65FEHH', ip: '192.168.1.6', os.name: 'Windows 11', os.arch: 'amd64', os.version: '10.0', java.version: '17.0.7'
Driver info: org.openqa.selenium.chrome.ChromeDriver
Capabilities {acceptInsecureCerts: false, browserName: chrome, browserVersion: 129.0.6668.60, chrome: {chromedriverVersion: 129.0.6668.58 (81a06fb873a9..., userDataDir: C:\Users\Samaksh\AppData\Lo...}, fedcm:accounts: true, goog:chromeOptions: {debuggerAddress: localhost:57430}, javascriptEnabled: true, networkConnectionEnabled: false, pageLoadStrategy: normal, platform: WINDOWS, platformName: WINDOWS, proxy: Proxy(), setWindowRect: true, strictFileInteractability: false, timeouts: {implicit: 0, pageLoad: 300000, script: 30000}, unhandledPromptBehavior: dismiss and notify, webauthn:extension:credBlob: true, webauthn:extension:largeBlob: true, webauthn:extension:minPinLength: true, webauthn:extension:prf: true, webauthn:virtualAuthenticators: true}
Session ID: cb587bf68d7f7d8a39378295e82f35a5
*** Element info: {Using=xpath, value=//*[@id="BillingNewAddress_Company"]}
at java.base/jdk.internal.reflect.NativeConstructorAccessorImpl.newInstance0(Native Method)
at java.base/jdk.internal.reflect.NativeConstructorAccessorImpl.newInstance(NativeConstructorAccessorImpl.java:77)
at java.base/jdk.internal.reflect.DelegatingConstructorAccessorImpl.newInstance(DelegatingConstructorAccessorImpl.java:45)
at java.base/java.lang.reflect.Constructor.newInstanceWithCaller(Constructor.java:499)
at java.base/java.lang.reflect.Constructor.newInstance(Constructor.java:480)
at org.openqa.selenium.remote.http.W3CHttpResponseCodec.createException(W3CHttpResponseCodec.java:187)
at org.openqa.selenium.remote.http.W3CHttpResponseCodec.decode(W3CHttpResponseCodec.java:122)
at org.openqa.selenium.remote.http.W3CHttpResponseCodec.decode(W3CHttpResponseCodec.java:49)
at org.openqa.selenium.remote.HttpCommandExecutor.execute(HttpCommandExecutor.java:158)
at org.openqa.selenium.remote.service.DriverCommandExecutor.execute(DriverCommandExecutor.java:83)
at org.openqa.selenium.remote.RemoteWebDriver.execute(RemoteWebDriver.java:552)
at org.openqa.selenium.remote.RemoteWebDriver.findElement(RemoteWebDriver.java:323)
at org.openqa.selenium.remote.RemoteWebDriver.findElementByXPath(RemoteWebDriver.java:428)
at org.openqa.selenium.By$ByXPath.findElement(By.java:353)
at org.openqa.selenium.remote.RemoteWebDriver.findElement(RemoteWebDriver.java:315)
at org.openqa.selenium.support.pagefactory.DefaultElementLocator.findElement(DefaultElementLocator.java:69)
at org.openqa.selenium.support.pagefactory.internal.LocatingElementHandler.invoke(LocatingElementHandler.java:38)
at jdk.proxy2/jdk.proxy2.$Proxy14.getTagName(Unknown Source)
at org.openqa.selenium.support.ui.Select.<init>(Select.java:45)
at DemoWbShopFullProject.AddressPage.AddresMethod(AddressPage.java:73)
at DemoWbShopFullProject.DemoWbShopTest.Address(DemoWbShopTest.java:87)
at java.base/jdk.internal.reflect.NativeMethodAccessorImpl.invoke0(Native Method)
at java.base/jdk.internal.reflect.NativeMethodAccessorImpl.invoke(NativeMethodAccessorImpl.java:77)
at java.base/jdk.internal.reflect.DelegatingMethodAccessorImpl.invoke(DelegatingMethodAccessorImpl.java:43)
at java.base/java.lang.reflect.Method.invoke(Method.java:568)
at org.testng.internal.MethodInvocationHelper.invokeMethod(MethodInvocationHelper.java:133)
at org.testng.internal.TestInvoker.invokeMethod(TestInvoker.java:598)
at org.testng.internal.TestInvoker.invokeTestMethod(TestInvoker.java:173)
at org.testng.internal.MethodRunner.runInSequence(MethodRunner.java:46)
at org.testng.internal.TestInvoker$MethodInvocationAgent.invoke(TestInvoker.java:824)
at org.testng.internal.TestInvoker.invokeTestMethods(TestInvoker.java:146)
at org.testng.internal.TestMethodWorker.invokeTestMethods(TestMethodWorker.java:146)
at org.testng.internal.TestMethodWorker.run(TestMethodWorker.java:128)
at java.base/java.util.ArrayList.forEach(ArrayList.java:1511)
at org.testng.TestRunner.privateRun(TestRunner.java:794)
at org.testng.TestRunner.run(TestRunner.java:596)
at org.testng.SuiteRunner.runTest(SuiteRunner.java:377)
at org.testng.SuiteRunner.runSequentially(SuiteRunner.java:371)
at org.testng.SuiteRunner.privateRun(SuiteRunner.java:332)
at org.testng.SuiteRunner.run(SuiteRunner.java:276)
at org.testng.SuiteRunnerWorker.runSuite(SuiteRunnerWorker.java:53)
at org.testng.SuiteRunnerWorker.run(SuiteRunnerWorker.java:96)
at org.testng.TestNG.runSuitesSequentially(TestNG.java:1212)
at org.testng.TestNG.runSuitesLocally(TestNG.java:1134)
at org.testng.TestNG.runSuites(TestNG.java:1063)
at org.testng.TestNG.run(TestNG.java:1031)
at org.testng.remote.AbstractRemoteTestNG.run(AbstractRemoteTestNG.java:115)
at org.testng.remote.RemoteTestNG.initAndRun(RemoteTestNG.java:293)
at org.testng.remote.RemoteTestNG.main(RemoteTestNG.java:91)
]]>
            </full-stacktrace>
          </exception> <!-- org.openqa.selenium.NoSuchElementException -->
          <reporter-output>
          </reporter-output>
        </test-method> <!-- Address -->
      </class> <!-- DemoWbShopFullProject.DemoWbShopTest -->
    </test> <!-- Default test -->
  </suite> <!-- Default suite -->
</testng-results>
